<?xml version="1.0" encoding="UTF-8"?>
<!-- Generated by org.testng.reporters.JUnitXMLReporter -->
<testsuite hostname="HIBACL66562" ignored="0" name="TestGooglePixel" tests="4" failures="0" timestamp="2020-08-10T14:02:16 IST" time="32.632" errors="0">
  <testcase name="@AfterTest afterTestExecution" time="0.059" classname="framework.BaseTest">
    <failure type="org.openqa.selenium.UnsupportedCommandException" message="Method has not yet been implemented
Build info: version: &amp;apos;3.141.59&amp;apos;, revision: &amp;apos;e82be7d358&amp;apos;, time: &amp;apos;2018-11-14T08:17:03&amp;apos;
System info: host: &amp;apos;HIBACL66562&amp;apos;, ip: &amp;apos;10.45.82.237&amp;apos;, os.name: &amp;apos;Windows 10&amp;apos;, os.arch: &amp;apos;amd64&amp;apos;, os.version: &amp;apos;10.0&amp;apos;, java.version: &amp;apos;1.8.0_91&amp;apos;
Driver info: io.appium.java_client.AppiumDriver
Capabilities {app: C:\Users\akumsrivasta\Deskt..., appActivity: com.example.roche.view.Main..., appPackage: com.example.roche, appWaitActivity: com.example.roche.view.Main..., appWaitPackage: com.example.roche, databaseEnabled: false, desired: {app: C:\Users\akumsrivasta\Deskt..., deviceName: Google Pixel 2XL, newCommandTimeout: 60, platformName: android, platformVersion: 7.1.2, udid: emulator-5554}, deviceManufacturer: Google, deviceModel: PIXEL 2 XL, deviceName: emulator-5554, deviceScreenSize: 1440x2560, deviceUDID: emulator-5554, javascriptEnabled: true, locationContextEnabled: false, networkConnectionEnabled: true, newCommandTimeout: 60, platform: LINUX, platformName: ANDROID, platformVersion: 7.1.2, takesScreenshot: true, udid: emulator-5554, warnings: {}, webStorageEnabled: false}
Session ID: bdb7de18-763b-4837-bbb9-cc6b1a147272">
      <![CDATA[org.openqa.selenium.UnsupportedCommandException: Method has not yet been implemented
Build info: version: '3.141.59', revision: 'e82be7d358', time: '2018-11-14T08:17:03'
System info: host: 'HIBACL66562', ip: '10.45.82.237', os.name: 'Windows 10', os.arch: 'amd64', os.version: '10.0', java.version: '1.8.0_91'
Driver info: io.appium.java_client.AppiumDriver
Capabilities {app: C:\Users\akumsrivasta\Deskt..., appActivity: com.example.roche.view.Main..., appPackage: com.example.roche, appWaitActivity: com.example.roche.view.Main..., appWaitPackage: com.example.roche, databaseEnabled: false, desired: {app: C:\Users\akumsrivasta\Deskt..., deviceName: Google Pixel 2XL, newCommandTimeout: 60, platformName: android, platformVersion: 7.1.2, udid: emulator-5554}, deviceManufacturer: Google, deviceModel: PIXEL 2 XL, deviceName: emulator-5554, deviceScreenSize: 1440x2560, deviceUDID: emulator-5554, javascriptEnabled: true, locationContextEnabled: false, networkConnectionEnabled: true, newCommandTimeout: 60, platform: LINUX, platformName: ANDROID, platformVersion: 7.1.2, takesScreenshot: true, udid: emulator-5554, warnings: {}, webStorageEnabled: false}
Session ID: bdb7de18-763b-4837-bbb9-cc6b1a147272
at org.openqa.selenium.remote.http.W3CHttpResponseCodec.createException(W3CHttpResponseCodec.java:187)
at org.openqa.selenium.remote.http.W3CHttpResponseCodec.decode(W3CHttpResponseCodec.java:122)
at org.openqa.selenium.remote.http.W3CHttpResponseCodec.decode(W3CHttpResponseCodec.java:49)
at org.openqa.selenium.remote.HttpCommandExecutor.execute(HttpCommandExecutor.java:158)
at io.appium.java_client.remote.AppiumCommandExecutor.execute(AppiumCommandExecutor.java:239)
at org.openqa.selenium.remote.RemoteWebDriver.execute(RemoteWebDriver.java:552)
at io.appium.java_client.DefaultGenericMobileDriver.execute(DefaultGenericMobileDriver.java:45)
at io.appium.java_client.AppiumDriver.execute(AppiumDriver.java:1)
at org.openqa.selenium.remote.RemoteWebDriver.close(RemoteWebDriver.java:442)
at framework.BaseTest.afterTestExecution(BaseTest.java:91)
at java.util.concurrent.FutureTask.run(FutureTask.java:266)
at java.util.concurrent.ThreadPoolExecutor.runWorker(ThreadPoolExecutor.java:1142)
at java.util.concurrent.ThreadPoolExecutor$Worker.run(ThreadPoolExecutor.java:617)
at java.lang.Thread.run(Thread.java:745)
... Removed 19 stack frames]]>
    </failure>
  </testcase> <!-- @AfterTest afterTestExecution -->
  <testcase name="sampleFailTestCase" time="0.058" classname="framework.SearchTest"/>
  <testcase name="sampleFailTestCase" time="1.171" classname="framework.SearchTest"/>
  <testcase name="samplePassTestCase" time="1.289" classname="framework.SearchTest"/>
  <testcase name="samplePassTestCase" time="0.097" classname="framework.SearchTest"/>
</testsuite> <!-- TestGooglePixel -->
