<!DOCTYPE html PUBLIC "-//W3C//DTD XHTML 1.1//EN" "http://www.w3.org/TR/xhtml11/DTD/xhtml11.dtd">
<html xmlns="http://www.w3.org/1999/xhtml">
<head>
<meta http-equiv="content-type" content="text/html; charset=UTF-8"/>
<title>TestNG Report</title>
<style type="text/css">table {margin-bottom:10px;border-collapse:collapse;empty-cells:show}th,td {border:1px solid #009;padding:.25em .5em}th {vertical-align:bottom}td {vertical-align:top}table a {font-weight:bold}.stripe td {background-color: #E6EBF9}.num {text-align:right}.passedodd td {background-color: #3F3}.passedeven td {background-color: #0A0}.skippedodd td {background-color: #DDD}.skippedeven td {background-color: #CCC}.failedodd td,.attn {background-color: #F33}.failedeven td,.stripe .attn {background-color: #D00}.stacktrace {white-space:pre;font-family:monospace}.totop {font-size:85%;text-align:center;border-bottom:2px solid #000}.invisible {display:none}</style>
</head>
<body>
<table>
<tr><th>Test</th><th># Passed</th><th># Skipped</th><th># Retried</th><th># Failed</th><th>Time (ms)</th><th>Included Groups</th><th>Excluded Groups</th></tr>
<tr><th colspan="7">Suite</th></tr>
<tr><td><a href="#t0">TestMotorola</a></td><td class="num">1</td><td class="num">0</td><td class="num">0</td><td class="num attn">1</td><td class="num">24,912</td><td></td><td></td></tr>
<tr class="stripe"><td><a href="#t1">TestGooglePixel</a></td><td class="num">1</td><td class="num">0</td><td class="num">0</td><td class="num attn">1</td><td class="num">34,641</td><td></td><td></td></tr>
<tr><th>Total</th><th class="num">2</th><th class="num">0</th><th class="num">0</th><th class="num attn">2</th><th class="num">59,553</th><th colspan="2"></th></tr>
</table>
<table id='summary'><thead><tr><th>Class</th><th>Method</th><th>Start</th><th>Time (ms)</th></tr></thead><tbody><tr><th colspan="4">Suite</th></tr></tbody><tbody id="t0"><tr><th colspan="4">TestMotorola &#8212; failed</th></tr><tr class="failedeven"><td rowspan="1">framework.SearchTest</td><td><a href="#m0">sampleFailTestCase</a></td><td rowspan="1">1594064022099</td><td rowspan="1">31</td></tr><tr><th colspan="4">TestMotorola &#8212; passed</th></tr><tr class="passedeven"><td rowspan="1">framework.SearchTest</td><td><a href="#m1">samplePassTestCase</a></td><td rowspan="1">1594064022154</td><td rowspan="1">825</td></tr></tbody>
<tbody id="t1"><tr><th colspan="4">TestGooglePixel &#8212; failed</th></tr><tr class="failedeven"><td rowspan="1">framework.SearchTest</td><td><a href="#m2">sampleFailTestCase</a></td><td rowspan="1">1594064030255</td><td rowspan="1">6</td></tr><tr><th colspan="4">TestGooglePixel &#8212; passed</th></tr><tr class="passedeven"><td rowspan="1">framework.SearchTest</td><td><a href="#m3">samplePassTestCase</a></td><td rowspan="1">1594064030265</td><td rowspan="1">51</td></tr></tbody>
</table>
<h2>TestMotorola</h2><h3 id="m0">framework.SearchTest#sampleFailTestCase</h3><table class="result"><tr class="param"><th>Parameter #1</th></tr><tr class="param stripe"><td>Moto One Power</td></tr><tr><th>Exception</th></tr><tr><td><div class="stacktrace">java.lang.AssertionError: expected [4] but found [2]
	at framework.SearchTest.sampleFailTestCase(SearchTest.java:37)
	at java.util.ArrayList.forEach(ArrayList.java:1249)
	at java.util.concurrent.FutureTask.run(FutureTask.java:266)
	at java.util.concurrent.ThreadPoolExecutor.runWorker(ThreadPoolExecutor.java:1142)
	at java.util.concurrent.ThreadPoolExecutor$Worker.run(ThreadPoolExecutor.java:617)
	at java.lang.Thread.run(Thread.java:745)
... Removed 23 stack frames</div></td></tr></table><p class="totop"><a href="#summary">back to summary</a></p>
<h3 id="m1">framework.SearchTest#samplePassTestCase</h3><table class="result"><tr class="param"><th>Parameter #1</th></tr><tr class="param stripe"><td>Moto One Power</td></tr></table><p class="totop"><a href="#summary">back to summary</a></p>
<h2>TestGooglePixel</h2><h3 id="m2">framework.SearchTest#sampleFailTestCase</h3><table class="result"><tr class="param"><th>Parameter #1</th></tr><tr class="param stripe"><td>Google Pixel 2XL</td></tr><tr><th>Exception</th></tr><tr><td><div class="stacktrace">java.lang.AssertionError: expected [4] but found [2]
	at framework.SearchTest.sampleFailTestCase(SearchTest.java:37)
	at java.util.ArrayList.forEach(ArrayList.java:1249)
	at java.util.concurrent.FutureTask.run(FutureTask.java:266)
	at java.util.concurrent.ThreadPoolExecutor.runWorker(ThreadPoolExecutor.java:1142)
	at java.util.concurrent.ThreadPoolExecutor$Worker.run(ThreadPoolExecutor.java:617)
	at java.lang.Thread.run(Thread.java:745)
... Removed 23 stack frames</div></td></tr></table><p class="totop"><a href="#summary">back to summary</a></p>
<h3 id="m3">framework.SearchTest#samplePassTestCase</h3><table class="result"><tr class="param"><th>Parameter #1</th></tr><tr class="param stripe"><td>Google Pixel 2XL</td></tr></table><p class="totop"><a href="#summary">back to summary</a></p>
</body>
</html>
